<?xml version="1.0" encoding="UTF-8"?>
<!-- Generated by org.testng.reporters.JUnitXMLReporter -->
<testsuite ignored="0" hostname="TYSS-Chaithra" failures="0" tests="2" name="Test-runner-edge" time="16.272" errors="0" timestamp="2025-01-15T12:42:34 IST">
  <testcase classname="swagLabs.InventoryTests.AddProductToCartTest" name="sampleTest" time="0.009"/>
  <testcase classname="swagLabs.InventoryTests.AddProductToCartTest" name="tc_001_AddProductToCartTest" time="1.256"/>
</testsuite> <!-- Test-runner-edge -->
