<?xml version="1.0" encoding="UTF-8"?>
<!-- Generated by org.testng.reporters.JUnitXMLReporter -->
<testsuite ignored="0" hostname="TYSS-Chaithra" failures="0" tests="1" name="Test-Runner-2" time="19.394" errors="0" timestamp="2025-01-15T11:46:53 IST">
  <testcase classname="swagLabs.InventoryTests.RemoveProductTest" name="tc_002_removeProductTest" time="0.011"/>
</testsuite> <!-- Test-Runner-2 -->
