<?xml version="1.0" encoding="UTF-8"?>
<!-- Generated by org.testng.reporters.JUnitReportReporter -->
<testsuite hostname="TYSS-Chaithra" failures="0" tests="1" name="swagLabs.InventoryTests.RemoveProductTest" time="1.014" errors="0" timestamp="2025-01-18T12:58:42 IST" skipped="0">
  <testcase classname="swagLabs.InventoryTests.RemoveProductTest" name="tc_002_removeProductTest" time="1.014"/>
  <system-out/>
</testsuite> <!-- swagLabs.InventoryTests.RemoveProductTest -->
